<?xml version="1.0" encoding="UTF-8"?>
<!-- Generated by org.testng.reporters.JUnitReportReporter -->
<testsuite skipped="0" hostname="DESKTOP-0HUNCSR" name="excelp.Excelc" tests="2" failures="0" timestamp="02 Jul 2018 07:41:27 GMT" time="20.446" errors="0">
  <testcase name="Verify" time="9.124" classname="excelp.Excelc"/>
  <testcase name="Verify" time="11.322" classname="excelp.Excelc"/>
</testsuite> <!-- excelp.Excelc -->
