<?xml version="1.0" encoding="UTF-8"?>
<!-- Generated by org.testng.reporters.JUnitReportReporter -->
<testsuite skipped="0" hostname="DESKTOP-0HUNCSR" name="papack.Face" tests="1" failures="0" timestamp="02 Jul 2018 10:19:17 GMT" time="2.148" errors="0">
  <testcase name="Verify" time="2.148" classname="papack.Face"/>
</testsuite> <!-- papack.Face -->
