<?xml version="1.0" encoding="UTF-8"?>
<!-- Generated by org.testng.reporters.JUnitReportReporter -->
<testsuite skipped="0" hostname="DESKTOP-0HUNCSR" name="test.User" tests="1" failures="0" timestamp="02 Jul 2018 06:15:43 GMT" time="25.161" errors="0">
  <testcase name="Signup" time="25.161" classname="test.User"/>
</testsuite> <!-- test.User -->
